<?xml version="1.0" encoding="UTF-8"?>
<!-- Generated by org.testng.reporters.JUnitReportReporter -->
<testsuite hostname="A868LHYD" failures="0" tests="2" name="cucumber.options.Testrunner" time="6.209" errors="0" timestamp="2023-03-23T18:03:10 IST" skipped="0">
  <testcase classname="cucumber.options.Testrunner" name="runScenario" time="5.009"/>
  <system-out/>
  <testcase classname="cucumber.options.Testrunner" name="runScenario" time="1.200"/>
  <system-out/>
</testsuite> <!-- cucumber.options.Testrunner -->
